  [4;35;1mMeshTree Load (0.5ms)[0m   [0mSELECT * FROM `mesh_trees` WHERE (`mesh_trees`.`parent_id` = 2) [0m
  [4;36;1mSubject Load (0.2ms)[0m   [0;1mSELECT * FROM `subjects` WHERE (`subjects`.`id` IN (13909,6257,10388,9333,1940,14781,10502,1415,5121,5)) [0m
  [4;35;1mSubjectStat Load (0.7ms)[0m   [0mSELECT `subject_stats`.* FROM `subject_stats` WHERE (`subject_stats`.subject_id IN (5,1415,1940,5121,6257,9333,10388,10502,13909,14781)) [0m
  [4;36;1mMeshTree Load (0.4ms)[0m   [0;1mSELECT * FROM `mesh_trees` WHERE (`mesh_trees`.`parent_id` = 2) [0m
  [4;35;1mSubject Load (0.2ms)[0m   [0mSELECT * FROM `subjects` WHERE (`subjects`.`id` IN (13909,6257,10388,9333,1940,14781,10502,1415,5121,5)) [0m
  [4;36;1mSubjectStat Load (0.7ms)[0m   [0;1mSELECT `subject_stats`.* FROM `subject_stats` WHERE (`subject_stats`.subject_id IN (5,1415,1940,5121,6257,9333,10388,10502,13909,14781)) [0m
  [4;35;1mMeshTree Load (0.5ms)[0m   [0mSELECT * FROM `mesh_trees` WHERE (`mesh_trees`.`parent_id` = 2) [0m
  [4;36;1mSubject Load (0.2ms)[0m   [0;1mSELECT * FROM `subjects` WHERE (`subjects`.`id` IN (13909,6257,10388,9333,1940,14781,10502,1415,5121,5)) [0m
  [4;35;1mSubjectStat Load (0.5ms)[0m   [0mSELECT `subject_stats`.* FROM `subject_stats` WHERE (`subject_stats`.subject_id IN (5,1415,1940,5121,6257,9333,10388,10502,13909,14781)) [0m
  [4;36;1mSQL (0.2ms)[0m   [0;1mSET NAMES 'utf8'[0m
  [4;35;1mSQL (0.1ms)[0m   [0mSET SQL_AUTO_IS_NULL=0[0m
  [4;36;1mMeshTree Columns (1.8ms)[0m   [0;1mSHOW FIELDS FROM `mesh_trees`[0m
  [4;35;1mMeshTree Load (0.5ms)[0m   [0mSELECT * FROM `mesh_trees` WHERE (`mesh_trees`.`parent_id` = 0) [0m
  [4;36;1mSubject Columns (1.5ms)[0m   [0;1mSHOW FIELDS FROM `subjects`[0m
  [4;35;1mSubject Load (0.8ms)[0m   [0mSELECT * FROM `subjects` WHERE (`subjects`.`id` IN (999907,999908,999910,999909,999922,999911,999912,999901,999913,999902,999914,999903,999926,999904,999905,999906)) [0m
  [4;36;1mSubject Load (0.1ms)[0m   [0;1mSELECT * FROM `subjects` WHERE (`subjects`.`id` = 999922) [0m
  [4;35;1mSubjectStat Load (1.1ms)[0m   [0mSELECT `subject_stats`.* FROM `subject_stats` WHERE (`subject_stats`.subject_id IN (999901,999902,999903,999904,999905,999906,999907,999908,999909,999910,999911,999912,999913,999914,999926)) [0m
  [4;36;1mSubjectStat Columns (1.5ms)[0m   [0;1mSHOW FIELDS FROM `subject_stats`[0m
  [4;35;1mSQL (0.1ms)[0m   [0mSET NAMES 'utf8'[0m
  [4;36;1mSQL (0.1ms)[0m   [0;1mSET SQL_AUTO_IS_NULL=0[0m
  [4;35;1mMeshTree Columns (1.5ms)[0m   [0mSHOW FIELDS FROM `mesh_trees`[0m
  [4;36;1mMeshTree Load (0.4ms)[0m   [0;1mSELECT * FROM `mesh_trees` WHERE (`mesh_trees`.`parent_id` = 0) [0m
  [4;35;1mSubject Columns (1.0ms)[0m   [0mSHOW FIELDS FROM `subjects`[0m
  [4;36;1mSubject Load (0.3ms)[0m   [0;1mSELECT * FROM `subjects` WHERE (`subjects`.`id` IN (999907,999908,999910,999909,999922,999911,999912,999901,999913,999902,999914,999903,999926,999904,999905,999906)) [0m
  [4;35;1mSubject Load (0.1ms)[0m   [0mSELECT * FROM `subjects` WHERE (`subjects`.`id` = 999922) [0m
  [4;36;1mSubjectStat Load (1.4ms)[0m   [0;1mSELECT `subject_stats`.* FROM `subject_stats` WHERE (`subject_stats`.subject_id IN (999901,999902,999903,999904,999905,999906,999907,999908,999909,999910,999911,999912,999913,999914,999926)) [0m
  [4;35;1mSubjectStat Columns (1.4ms)[0m   [0mSHOW FIELDS FROM `subject_stats`[0m
  [4;36;1mSubjectStat Load (16.8ms)[0m   [0;1mSELECT * FROM `subject_stats` WHERE (`subject_stats`.subject_id = 999901) AND ((`subject_stats`.`year` = 'all') AND (`subject_stats`.subject_id = 999901)) [0m
  [4;35;1mSubjectStat Load (0.5ms)[0m   [0mSELECT * FROM `subject_stats` WHERE (`subject_stats`.subject_id = 999901) AND ((`subject_stats`.`year` = '1950-1959') AND (`subject_stats`.subject_id = 999901)) [0m
  [4;36;1mSubjectStat Load (0.5ms)[0m   [0;1mSELECT * FROM `subject_stats` WHERE (`subject_stats`.subject_id = 999901) AND ((`subject_stats`.`year` = '1950-1959') AND (`subject_stats`.subject_id = 999901)) [0m
  [4;35;1mSubjectStat Load (0.5ms)[0m   [0mSELECT * FROM `subject_stats` WHERE (`subject_stats`.subject_id = 999901) AND ((`subject_stats`.`year` IS NULL) AND (`subject_stats`.subject_id = 999901)) [0m
